<?xml version="1.0" encoding="UTF-8"?>
<robot generator="Robot 4.0.3 (Python 3.9.6 on win32)" generated="20210716 09:17:45.286" rpa="false" schemaversion="2">
<suite id="s1" name="TC 001" source="C:\Users\rebecca.madeira\PycharmProjects\TestingFacebook\TestCases\TC_001.robot">
<test id="s1-t1" name="TC_001_Login_Logout">
<kw name="Open Browser" library="SeleniumLibrary">
<arg>${URL}</arg>
<arg>Chrome</arg>
<doc>Opens a new browser instance to the optional ``url``.</doc>
<msg timestamp="20210716 09:17:45.987" level="INFO">Opening browser 'Chrome' to base url 'https://facebook.com'.</msg>
<status status="PASS" starttime="20210716 09:17:45.987" endtime="20210716 09:17:49.078"/>
</kw>
<kw name="Maximize Browser Window" library="SeleniumLibrary">
<doc>Maximizes current browser window.</doc>
<status status="PASS" starttime="20210716 09:17:49.080" endtime="20210716 09:17:49.225"/>
</kw>
<kw name="Read Number of Rows" library="UserKeywords">
<var>${rows}</var>
<arg>Folha1</arg>
<kw name="Number Rows" library="ReadData">
<var>${maxr}</var>
<arg>${sheetname}</arg>
<msg timestamp="20210716 09:17:49.231" level="INFO">${maxr} = 6</msg>
<status status="PASS" starttime="20210716 09:17:49.229" endtime="20210716 09:17:49.231"/>
</kw>
<msg timestamp="20210716 09:17:49.231" level="INFO">${rows} = 6</msg>
<status status="PASS" starttime="20210716 09:17:49.225" endtime="20210716 09:17:49.231"/>
</kw>
<kw name="Log To Console" library="BuiltIn">
<arg>${rows}</arg>
<doc>Logs the given message to the console.</doc>
<status status="PASS" starttime="20210716 09:17:49.232" endtime="20210716 09:17:49.233"/>
</kw>
<kw name="Read Excel Data of Cell" library="UserKeywords">
<var>${data}</var>
<arg>Folha1</arg>
<arg>2</arg>
<arg>2</arg>
<kw name="Fetch Cell Data" library="ReadData">
<var>${cellvalue}</var>
<arg>${sheetname}</arg>
<arg>${row}</arg>
<arg>${col}</arg>
<msg timestamp="20210716 09:17:49.235" level="INFO">${cellvalue} = pass2</msg>
<status status="PASS" starttime="20210716 09:17:49.234" endtime="20210716 09:17:49.235"/>
</kw>
<msg timestamp="20210716 09:17:49.235" level="INFO">${data} = pass2</msg>
<status status="PASS" starttime="20210716 09:17:49.233" endtime="20210716 09:17:49.235"/>
</kw>
<kw name="Log To Console" library="BuiltIn">
<arg>${data}</arg>
<doc>Logs the given message to the console.</doc>
<status status="PASS" starttime="20210716 09:17:49.236" endtime="20210716 09:17:49.237"/>
</kw>
<kw name="Input Text" library="SeleniumLibrary">
<arg>name:email</arg>
<arg>$(firstname)</arg>
<doc>Types the given ``text`` into the text field identified by ``locator``.</doc>
<msg timestamp="20210716 09:17:49.238" level="INFO">Typing text '$(firstname)' into text field 'name:email'.</msg>
<status status="PASS" starttime="20210716 09:17:49.237" endtime="20210716 09:17:49.386"/>
</kw>
<kw name="Input Text" library="SeleniumLibrary">
<arg>name:pass</arg>
<arg>$(email)</arg>
<doc>Types the given ``text`` into the text field identified by ``locator``.</doc>
<msg timestamp="20210716 09:17:49.388" level="INFO">Typing text '$(email)' into text field 'name:pass'.</msg>
<status status="PASS" starttime="20210716 09:17:49.387" endtime="20210716 09:17:49.617"/>
</kw>
<kw name="Sleep" library="BuiltIn">
<arg>5s</arg>
<doc>Pauses the test executed for the given time.</doc>
<msg timestamp="20210716 09:17:54.632" level="INFO">Slept 5 seconds</msg>
<status status="PASS" starttime="20210716 09:17:49.618" endtime="20210716 09:17:54.632"/>
</kw>
<status status="PASS" starttime="20210716 09:17:45.987" endtime="20210716 09:17:54.632"/>
</test>
<status status="PASS" starttime="20210716 09:17:45.286" endtime="20210716 09:17:54.632"/>
</suite>
<statistics>
<total>
<stat pass="1" fail="0" skip="0">All Tests</stat>
</total>
<tag>
</tag>
<suite>
<stat pass="1" fail="0" skip="0" id="s1" name="TC 001">TC 001</stat>
</suite>
</statistics>
<errors>
</errors>
</robot>
