<?xml version="1.0" encoding="UTF-8"?>
<robot generator="Robot 4.0.3 (Python 3.9.6 on win32)" generated="20210716 13:47:44.800" rpa="false" schemaversion="2">
<suite id="s1" name="TC 001" source="C:\Users\rebecca.madeira\Desktop\RobotAutomationTest\TestCases\TC_001.robot">
<test id="s1-t1" name="TC_001_Login_Logout">
<kw name="Open Browser" library="SeleniumLibrary">
<arg>${URL}</arg>
<arg>Chrome</arg>
<doc>Opens a new browser instance to the optional ``url``.</doc>
<msg timestamp="20210716 13:47:45.501" level="INFO">Opening browser 'Chrome' to base url 'https://thetestingworld.com'.</msg>
<status status="PASS" starttime="20210716 13:47:45.501" endtime="20210716 13:47:50.003"/>
</kw>
<kw name="Maximize Browser Window" library="SeleniumLibrary">
<doc>Maximizes current browser window.</doc>
<status status="PASS" starttime="20210716 13:47:50.004" endtime="20210716 13:47:50.251"/>
</kw>
<kw name="Click Element" library="SeleniumLibrary">
<arg>xpath://a[text()='Login']</arg>
<doc>Click the element identified by ``locator``.</doc>
<msg timestamp="20210716 13:47:50.256" level="INFO">Clicking element 'xpath://a[text()='Login']'.</msg>
<status status="PASS" starttime="20210716 13:47:50.255" endtime="20210716 13:47:51.088"/>
</kw>
<kw name="Read Number of Rows" library="UserKeywords">
<var>${rows}</var>
<arg>Folha1</arg>
<kw name="Number Rows" library="ReadData">
<var>${maxr}</var>
<arg>${sheetname}</arg>
<msg timestamp="20210716 13:47:51.091" level="INFO">${maxr} = 6</msg>
<status status="PASS" starttime="20210716 13:47:51.091" endtime="20210716 13:47:51.091"/>
</kw>
<msg timestamp="20210716 13:47:51.092" level="INFO">${rows} = 6</msg>
<status status="PASS" starttime="20210716 13:47:51.089" endtime="20210716 13:47:51.092"/>
</kw>
<for flavor="IN RANGE">
<var>${i}</var>
<value>1</value>
<value>${rows}+1</value>
<iter>
<var name="${i}">1</var>
<kw name="Read Excel Data of Cell" library="UserKeywords">
<var>${username}</var>
<arg>Folha1</arg>
<arg>${i}</arg>
<arg>1</arg>
<kw name="Fetch Cell Data" library="ReadData">
<var>${cellvalue}</var>
<arg>${sheetname}</arg>
<arg>${row}</arg>
<arg>${col}</arg>
<msg timestamp="20210716 13:47:51.095" level="INFO">${cellvalue} = user1</msg>
<status status="PASS" starttime="20210716 13:47:51.094" endtime="20210716 13:47:51.095"/>
</kw>
<msg timestamp="20210716 13:47:51.096" level="INFO">${username} = user1</msg>
<status status="PASS" starttime="20210716 13:47:51.094" endtime="20210716 13:47:51.096"/>
</kw>
<kw name="Read Excel Data of Cell" library="UserKeywords">
<var>${password}</var>
<arg>Folha1</arg>
<arg>${i}</arg>
<arg>2</arg>
<kw name="Fetch Cell Data" library="ReadData">
<var>${cellvalue}</var>
<arg>${sheetname}</arg>
<arg>${row}</arg>
<arg>${col}</arg>
<msg timestamp="20210716 13:47:51.097" level="INFO">${cellvalue} = pass1</msg>
<status status="PASS" starttime="20210716 13:47:51.097" endtime="20210716 13:47:51.097"/>
</kw>
<msg timestamp="20210716 13:47:51.098" level="INFO">${password} = pass1</msg>
<status status="PASS" starttime="20210716 13:47:51.096" endtime="20210716 13:47:51.098"/>
</kw>
<kw name="Input Text" library="SeleniumLibrary">
<arg>id:username</arg>
<arg>${username}</arg>
<doc>Types the given ``text`` into the text field identified by ``locator``.</doc>
<msg timestamp="20210716 13:47:51.098" level="INFO">Typing text 'user1' into text field 'id:username'.</msg>
<status status="PASS" starttime="20210716 13:47:51.098" endtime="20210716 13:47:51.204"/>
</kw>
<kw name="Input Text" library="SeleniumLibrary">
<arg>id:password</arg>
<arg>${password}</arg>
<doc>Types the given ``text`` into the text field identified by ``locator``.</doc>
<msg timestamp="20210716 13:47:51.204" level="INFO">Typing text 'pass1' into text field 'id:password'.</msg>
<status status="PASS" starttime="20210716 13:47:51.204" endtime="20210716 13:47:51.298"/>
</kw>
<kw name="Click Button" library="SeleniumLibrary">
<arg>xpath://button[@type='submit']</arg>
<doc>Clicks the button identified by ``locator``.</doc>
<msg timestamp="20210716 13:47:51.299" level="INFO">Clicking button 'xpath://button[@type='submit']'.</msg>
<status status="PASS" starttime="20210716 13:47:51.298" endtime="20210716 13:47:51.963"/>
</kw>
<kw name="Sleep" library="BuiltIn">
<arg>5s</arg>
<doc>Pauses the test executed for the given time.</doc>
<msg timestamp="20210716 13:47:56.975" level="INFO">Slept 5 seconds</msg>
<status status="PASS" starttime="20210716 13:47:51.964" endtime="20210716 13:47:56.975"/>
</kw>
<status status="PASS" starttime="20210716 13:47:51.093" endtime="20210716 13:47:56.975"/>
</iter>
<iter>
<var name="${i}">2</var>
<kw name="Read Excel Data of Cell" library="UserKeywords">
<var>${username}</var>
<arg>Folha1</arg>
<arg>${i}</arg>
<arg>1</arg>
<kw name="Fetch Cell Data" library="ReadData">
<var>${cellvalue}</var>
<arg>${sheetname}</arg>
<arg>${row}</arg>
<arg>${col}</arg>
<msg timestamp="20210716 13:47:56.975" level="INFO">${cellvalue} = user2</msg>
<status status="PASS" starttime="20210716 13:47:56.975" endtime="20210716 13:47:56.975"/>
</kw>
<msg timestamp="20210716 13:47:56.975" level="INFO">${username} = user2</msg>
<status status="PASS" starttime="20210716 13:47:56.975" endtime="20210716 13:47:56.975"/>
</kw>
<kw name="Read Excel Data of Cell" library="UserKeywords">
<var>${password}</var>
<arg>Folha1</arg>
<arg>${i}</arg>
<arg>2</arg>
<kw name="Fetch Cell Data" library="ReadData">
<var>${cellvalue}</var>
<arg>${sheetname}</arg>
<arg>${row}</arg>
<arg>${col}</arg>
<msg timestamp="20210716 13:47:56.975" level="INFO">${cellvalue} = pass2</msg>
<status status="PASS" starttime="20210716 13:47:56.975" endtime="20210716 13:47:56.975"/>
</kw>
<msg timestamp="20210716 13:47:56.975" level="INFO">${password} = pass2</msg>
<status status="PASS" starttime="20210716 13:47:56.975" endtime="20210716 13:47:56.975"/>
</kw>
<kw name="Input Text" library="SeleniumLibrary">
<arg>id:username</arg>
<arg>${username}</arg>
<doc>Types the given ``text`` into the text field identified by ``locator``.</doc>
<msg timestamp="20210716 13:47:56.990" level="INFO">Typing text 'user2' into text field 'id:username'.</msg>
<status status="PASS" starttime="20210716 13:47:56.975" endtime="20210716 13:47:57.113"/>
</kw>
<kw name="Input Text" library="SeleniumLibrary">
<arg>id:password</arg>
<arg>${password}</arg>
<doc>Types the given ``text`` into the text field identified by ``locator``.</doc>
<msg timestamp="20210716 13:47:57.114" level="INFO">Typing text 'pass2' into text field 'id:password'.</msg>
<status status="PASS" starttime="20210716 13:47:57.113" endtime="20210716 13:47:57.204"/>
</kw>
<kw name="Click Button" library="SeleniumLibrary">
<arg>xpath://button[@type='submit']</arg>
<doc>Clicks the button identified by ``locator``.</doc>
<msg timestamp="20210716 13:47:57.205" level="INFO">Clicking button 'xpath://button[@type='submit']'.</msg>
<status status="PASS" starttime="20210716 13:47:57.204" endtime="20210716 13:47:57.840"/>
</kw>
<kw name="Sleep" library="BuiltIn">
<arg>5s</arg>
<doc>Pauses the test executed for the given time.</doc>
<msg timestamp="20210716 13:48:02.854" level="INFO">Slept 5 seconds</msg>
<status status="PASS" starttime="20210716 13:47:57.840" endtime="20210716 13:48:02.854"/>
</kw>
<status status="PASS" starttime="20210716 13:47:56.975" endtime="20210716 13:48:02.854"/>
</iter>
<iter>
<var name="${i}">3</var>
<kw name="Read Excel Data of Cell" library="UserKeywords">
<var>${username}</var>
<arg>Folha1</arg>
<arg>${i}</arg>
<arg>1</arg>
<kw name="Fetch Cell Data" library="ReadData">
<var>${cellvalue}</var>
<arg>${sheetname}</arg>
<arg>${row}</arg>
<arg>${col}</arg>
<msg timestamp="20210716 13:48:02.854" level="INFO">${cellvalue} = user3</msg>
<status status="PASS" starttime="20210716 13:48:02.854" endtime="20210716 13:48:02.854"/>
</kw>
<msg timestamp="20210716 13:48:02.854" level="INFO">${username} = user3</msg>
<status status="PASS" starttime="20210716 13:48:02.854" endtime="20210716 13:48:02.854"/>
</kw>
<kw name="Read Excel Data of Cell" library="UserKeywords">
<var>${password}</var>
<arg>Folha1</arg>
<arg>${i}</arg>
<arg>2</arg>
<kw name="Fetch Cell Data" library="ReadData">
<var>${cellvalue}</var>
<arg>${sheetname}</arg>
<arg>${row}</arg>
<arg>${col}</arg>
<msg timestamp="20210716 13:48:02.861" level="INFO">${cellvalue} = pass3</msg>
<status status="PASS" starttime="20210716 13:48:02.854" endtime="20210716 13:48:02.861"/>
</kw>
<msg timestamp="20210716 13:48:02.861" level="INFO">${password} = pass3</msg>
<status status="PASS" starttime="20210716 13:48:02.854" endtime="20210716 13:48:02.861"/>
</kw>
<kw name="Input Text" library="SeleniumLibrary">
<arg>id:username</arg>
<arg>${username}</arg>
<doc>Types the given ``text`` into the text field identified by ``locator``.</doc>
<msg timestamp="20210716 13:48:02.861" level="INFO">Typing text 'user3' into text field 'id:username'.</msg>
<kw name="Capture Page Screenshot" library="SeleniumLibrary">
<doc>Takes a screenshot of the current page and embeds it into a log file.</doc>
<status status="FAIL" starttime="20210716 13:48:05.855" endtime="20210716 13:48:05.855"/>
</kw>
<msg timestamp="20210716 13:48:05.855" level="WARN">Keyword 'Capture Page Screenshot' could not be run on failure: Execution terminated by signal</msg>
<status status="FAIL" starttime="20210716 13:48:02.861" endtime="20210716 13:48:05.855"/>
</kw>
<kw name="Input Text" library="SeleniumLibrary">
<arg>id:password</arg>
<arg>${password}</arg>
<doc>Types the given ``text`` into the text field identified by ``locator``.</doc>
<status status="NOT RUN" starttime="20210716 13:48:05.855" endtime="20210716 13:48:05.855"/>
</kw>
<kw name="Click Button" library="SeleniumLibrary">
<arg>xpath://button[@type='submit']</arg>
<doc>Clicks the button identified by ``locator``.</doc>
<status status="NOT RUN" starttime="20210716 13:48:05.855" endtime="20210716 13:48:05.855"/>
</kw>
<kw name="Sleep" library="BuiltIn">
<arg>5s</arg>
<doc>Pauses the test executed for the given time.</doc>
<status status="NOT RUN" starttime="20210716 13:48:05.855" endtime="20210716 13:48:05.855"/>
</kw>
<status status="FAIL" starttime="20210716 13:48:02.854" endtime="20210716 13:48:05.855"/>
</iter>
<status status="FAIL" starttime="20210716 13:47:51.093" endtime="20210716 13:48:05.855"/>
</for>
<status status="FAIL" starttime="20210716 13:47:45.501" endtime="20210716 13:48:05.855">Execution terminated by signal</status>
</test>
<status status="FAIL" starttime="20210716 13:47:44.800" endtime="20210716 13:48:05.855"/>
</suite>
<statistics>
<total>
<stat pass="0" fail="1" skip="0">All Tests</stat>
</total>
<tag>
</tag>
<suite>
<stat pass="0" fail="1" skip="0" id="s1" name="TC 001">TC 001</stat>
</suite>
</statistics>
<errors>
<msg timestamp="20210716 13:48:05.855" level="WARN">Keyword 'Capture Page Screenshot' could not be run on failure: Execution terminated by signal</msg>
</errors>
</robot>
